[1] | status_code: 200 | body_sent={'csv_message': 'helloWorld', 'csv_status': '900'}
[2] | status_code: 200 | body_sent={'csv_message': 'anotherMessage', 'csv_status': '200'}
[3] | status_code: 200 | body_sent={'csv_message': 'otherMessage', 'csv_status': '300'}
[4] | status_code: 200 | body_sent={'csv_message': 'moreMessage', 'csv_status': '200'}
[5] | status_code: 200 | body_sent={'csv_message': 'MESSAGES', 'csv_status': '400'}
[1] | status_code: 200 | body_sent={'csv_message': 'helloWorld', 'csv_status': '900'}
[2] | status_code: 200 | body_sent={'csv_message': 'anotherMessage', 'csv_status': '200'}
[3] | status_code: 200 | body_sent={'csv_message': 'otherMessage', 'csv_status': '300'}
[4] | status_code: 200 | body_sent={'csv_message': 'moreMessage', 'csv_status': '200'}
[5] | status_code: 200 | body_sent={'csv_message': 'MESSAGES', 'csv_status': '400'}
[1] | status_code: 200 | body_sent={'csv_message': 'helloWorld', 'csv_status': '900'}
[2] | status_code: 200 | body_sent={'csv_message': 'anotherMessage', 'csv_status': '200'}
[3] | status_code: 200 | body_sent={'csv_message': 'otherMessage', 'csv_status': '300'}
[4] | status_code: 200 | body_sent={'csv_message': 'moreMessage', 'csv_status': '200'}
[5] | status_code: 200 | body_sent={'csv_message': 'MESSAGES', 'csv_status': '400'}
[1] | status_code: 200 | body_sent={'csv_message': 'helloWorld', 'csv_status': '900'}
[2] | status_code: 200 | body_sent={'csv_message': 'anotherMessage', 'csv_status': '200'}
[3] | status_code: 200 | body_sent={'csv_message': 'otherMessage', 'csv_status': '300'}
[4] | status_code: 200 | body_sent={'csv_message': 'moreMessage', 'csv_status': '200'}
[5] | status_code: 200 | body_sent={'csv_message': 'MESSAGES', 'csv_status': '400'}
[1] | status_code: 200 | body_sent={'csv_message': 'helloWorld', 'csv_status': '900'}
[2] | status_code: 200 | body_sent={'csv_message': 'anotherMessage', 'csv_status': '200'}
[3] | status_code: 200 | body_sent={'csv_message': 'otherMessage', 'csv_status': '300'}
[4] | status_code: 200 | body_sent={'csv_message': 'moreMessage', 'csv_status': '200'}
[5] | status_code: 200 | body_sent={'csv_message': 'MESSAGES', 'csv_status': '400'}
